<?xml version="1.0" encoding="UTF-8"?>
<testsuites name="Mocha Tests" time="0.035" tests="8" failures="7">
  <testsuite name="Root Suite" timestamp="2020-03-12T07:18:37" tests="0" file="tests\e2e\specs\测试about页面的按钮.js" failures="0" time="0">
  </testsuite>
  <testsuite name="测试about页面的按钮" timestamp="2020-03-12T07:18:37" tests="8" failures="7" time="0.035">
    <testcase name="测试about页面的按钮 要有一个链接" time="0" classname="要有一个链接">
      <failure message="cy.visit() failed trying to load:

/

We failed looking for this file at the path:

/code/s/

The internal Cypress web server responded with:

  &gt; 404: Not Found" type="CypressError"><![CDATA[CypressError: cy.visit() failed trying to load:

/

We failed looking for this file at the path:

/code/s/

The internal Cypress web server responded with:

  > 404: Not Found
    at Object.cypressErr (http://localhost:8853/__cypress/runner/cypress_runner.js:86207:11)
    at Object.throwErr (http://localhost:8853/__cypress/runner/cypress_runner.js:86162:18)
    at Object.throwErrByPath (http://localhost:8853/__cypress/runner/cypress_runner.js:86194:17)
    at http://localhost:8853/__cypress/runner/cypress_runner.js:71493:31
    at visitFailedByErr (http://localhost:8853/__cypress/runner/cypress_runner.js:71006:12)
    at http://localhost:8853/__cypress/runner/cypress_runner.js:71474:22
    at tryCatcher (http://localhost:8853/__cypress/runner/cypress_runner.js:120203:23)
    at Promise._settlePromiseFromHandler (http://localhost:8853/__cypress/runner/cypress_runner.js:118139:31)
    at Promise._settlePromise (http://localhost:8853/__cypress/runner/cypress_runner.js:118196:18)
    at Promise._settlePromise0 (http://localhost:8853/__cypress/runner/cypress_runner.js:118241:10)
    at Promise._settlePromises (http://localhost:8853/__cypress/runner/cypress_runner.js:118316:18)
    at Async../node_modules/bluebird/js/release/async.js.Async._drainQueue (http://localhost:8853/__cypress/runner/cypress_runner.js:114928:16)
    at Async../node_modules/bluebird/js/release/async.js.Async._drainQueues (http://localhost:8853/__cypress/runner/cypress_runner.js:114938:10)
    at Async.drainQueues (http://localhost:8853/__cypress/runner/cypress_runner.js:114812:14)]]></failure>
    </testcase>
    <testcase name="测试about页面的按钮 点击about按钮，进入到about页面" time="0" classname="点击about按钮，进入到about页面">
      <failure message="Timed out retrying: Expected to find element: &apos;.about_link&apos;, but never found it." type="CypressError"><![CDATA[CypressError: Timed out retrying: Expected to find element: '.about_link', but never found it.
    at Object.cypressErr (http://localhost:8853/__cypress/runner/cypress_runner.js:86207:11)
    at Object.throwErr (http://localhost:8853/__cypress/runner/cypress_runner.js:86162:18)
    at Object.throwErrByPath (http://localhost:8853/__cypress/runner/cypress_runner.js:86194:17)
    at retry (http://localhost:8853/__cypress/runner/cypress_runner.js:76849:16)
    at onFailFn (http://localhost:8853/__cypress/runner/cypress_runner.js:65634:16)
    at tryCatcher (http://localhost:8853/__cypress/runner/cypress_runner.js:120203:23)
    at Promise._settlePromiseFromHandler (http://localhost:8853/__cypress/runner/cypress_runner.js:118139:31)
    at Promise._settlePromise (http://localhost:8853/__cypress/runner/cypress_runner.js:118196:18)
    at Promise._settlePromise0 (http://localhost:8853/__cypress/runner/cypress_runner.js:118241:10)
    at Promise._settlePromises (http://localhost:8853/__cypress/runner/cypress_runner.js:118316:18)
    at Async../node_modules/bluebird/js/release/async.js.Async._drainQueue (http://localhost:8853/__cypress/runner/cypress_runner.js:114928:16)
    at Async../node_modules/bluebird/js/release/async.js.Async._drainQueues (http://localhost:8853/__cypress/runner/cypress_runner.js:114938:10)
    at Async.drainQueues (http://localhost:8853/__cypress/runner/cypress_runner.js:114812:14)]]></failure>
    </testcase>
    <testcase name="测试about页面的按钮 输入123" time="0" classname="输入123">
      <failure message="Timed out retrying: Expected to find element: &apos;.about_input&apos;, but never found it." type="CypressError"><![CDATA[CypressError: Timed out retrying: Expected to find element: '.about_input', but never found it.
    at Object.cypressErr (http://localhost:8853/__cypress/runner/cypress_runner.js:86207:11)
    at Object.throwErr (http://localhost:8853/__cypress/runner/cypress_runner.js:86162:18)
    at Object.throwErrByPath (http://localhost:8853/__cypress/runner/cypress_runner.js:86194:17)
    at retry (http://localhost:8853/__cypress/runner/cypress_runner.js:76849:16)
    at onFailFn (http://localhost:8853/__cypress/runner/cypress_runner.js:65634:16)
    at tryCatcher (http://localhost:8853/__cypress/runner/cypress_runner.js:120203:23)
    at Promise._settlePromiseFromHandler (http://localhost:8853/__cypress/runner/cypress_runner.js:118139:31)
    at Promise._settlePromise (http://localhost:8853/__cypress/runner/cypress_runner.js:118196:18)
    at Promise._settlePromise0 (http://localhost:8853/__cypress/runner/cypress_runner.js:118241:10)
    at Promise._settlePromises (http://localhost:8853/__cypress/runner/cypress_runner.js:118316:18)
    at Async../node_modules/bluebird/js/release/async.js.Async._drainQueue (http://localhost:8853/__cypress/runner/cypress_runner.js:114928:16)
    at Async../node_modules/bluebird/js/release/async.js.Async._drainQueues (http://localhost:8853/__cypress/runner/cypress_runner.js:114938:10)
    at Async.drainQueues (http://localhost:8853/__cypress/runner/cypress_runner.js:114812:14)]]></failure>
    </testcase>
    <testcase name="测试about页面的按钮 输入框里的文字是123" time="0" classname="输入框里的文字是123">
      <failure message="Timed out retrying: Expected to find element: &apos;.about_input&apos;, but never found it." type="CypressError"><![CDATA[CypressError: Timed out retrying: Expected to find element: '.about_input', but never found it.
    at Object.cypressErr (http://localhost:8853/__cypress/runner/cypress_runner.js:86207:11)
    at Object.throwErr (http://localhost:8853/__cypress/runner/cypress_runner.js:86162:18)
    at Object.throwErrByPath (http://localhost:8853/__cypress/runner/cypress_runner.js:86194:17)
    at retry (http://localhost:8853/__cypress/runner/cypress_runner.js:76849:16)
    at onFailFn (http://localhost:8853/__cypress/runner/cypress_runner.js:65634:16)
    at tryCatcher (http://localhost:8853/__cypress/runner/cypress_runner.js:120203:23)
    at Promise._settlePromiseFromHandler (http://localhost:8853/__cypress/runner/cypress_runner.js:118139:31)
    at Promise._settlePromise (http://localhost:8853/__cypress/runner/cypress_runner.js:118196:18)
    at Promise._settlePromise0 (http://localhost:8853/__cypress/runner/cypress_runner.js:118241:10)
    at Promise._settlePromises (http://localhost:8853/__cypress/runner/cypress_runner.js:118316:18)
    at Async../node_modules/bluebird/js/release/async.js.Async._drainQueue (http://localhost:8853/__cypress/runner/cypress_runner.js:114928:16)
    at Async../node_modules/bluebird/js/release/async.js.Async._drainQueues (http://localhost:8853/__cypress/runner/cypress_runner.js:114938:10)
    at Async.drainQueues (http://localhost:8853/__cypress/runner/cypress_runner.js:114812:14)]]></failure>
    </testcase>
    <testcase name="测试about页面的按钮 about按钮是否存在" time="0" classname="about按钮是否存在">
      <failure message="Timed out retrying: Expected to find element: &apos;.about_link&apos;, but never found it." type="CypressError"><![CDATA[CypressError: Timed out retrying: Expected to find element: '.about_link', but never found it.
    at Object.cypressErr (http://localhost:8853/__cypress/runner/cypress_runner.js:86207:11)
    at Object.throwErr (http://localhost:8853/__cypress/runner/cypress_runner.js:86162:18)
    at Object.throwErrByPath (http://localhost:8853/__cypress/runner/cypress_runner.js:86194:17)
    at retry (http://localhost:8853/__cypress/runner/cypress_runner.js:76849:16)
    at onFailFn (http://localhost:8853/__cypress/runner/cypress_runner.js:65634:16)
    at tryCatcher (http://localhost:8853/__cypress/runner/cypress_runner.js:120203:23)
    at Promise._settlePromiseFromHandler (http://localhost:8853/__cypress/runner/cypress_runner.js:118139:31)
    at Promise._settlePromise (http://localhost:8853/__cypress/runner/cypress_runner.js:118196:18)
    at Promise._settlePromise0 (http://localhost:8853/__cypress/runner/cypress_runner.js:118241:10)
    at Promise._settlePromises (http://localhost:8853/__cypress/runner/cypress_runner.js:118316:18)
    at Async../node_modules/bluebird/js/release/async.js.Async._drainQueue (http://localhost:8853/__cypress/runner/cypress_runner.js:114928:16)
    at Async../node_modules/bluebird/js/release/async.js.Async._drainQueues (http://localhost:8853/__cypress/runner/cypress_runner.js:114938:10)
    at Async.drainQueues (http://localhost:8853/__cypress/runner/cypress_runner.js:114812:14)]]></failure>
    </testcase>
    <testcase name="测试about页面的按钮 标题是否包含 page " time="0" classname="标题是否包含 page ">
      <failure message="Timed out retrying: Expected to find element: &apos;h1&apos;, but never found it." type="CypressError"><![CDATA[CypressError: Timed out retrying: Expected to find element: 'h1', but never found it.
    at Object.cypressErr (http://localhost:8853/__cypress/runner/cypress_runner.js:86207:11)
    at Object.throwErr (http://localhost:8853/__cypress/runner/cypress_runner.js:86162:18)
    at Object.throwErrByPath (http://localhost:8853/__cypress/runner/cypress_runner.js:86194:17)
    at retry (http://localhost:8853/__cypress/runner/cypress_runner.js:76849:16)
    at onFailFn (http://localhost:8853/__cypress/runner/cypress_runner.js:65634:16)
    at tryCatcher (http://localhost:8853/__cypress/runner/cypress_runner.js:120203:23)
    at Promise._settlePromiseFromHandler (http://localhost:8853/__cypress/runner/cypress_runner.js:118139:31)
    at Promise._settlePromise (http://localhost:8853/__cypress/runner/cypress_runner.js:118196:18)
    at Promise._settlePromise0 (http://localhost:8853/__cypress/runner/cypress_runner.js:118241:10)
    at Promise._settlePromises (http://localhost:8853/__cypress/runner/cypress_runner.js:118316:18)
    at Async../node_modules/bluebird/js/release/async.js.Async._drainQueue (http://localhost:8853/__cypress/runner/cypress_runner.js:114928:16)
    at Async../node_modules/bluebird/js/release/async.js.Async._drainQueues (http://localhost:8853/__cypress/runner/cypress_runner.js:114938:10)
    at Async.drainQueues (http://localhost:8853/__cypress/runner/cypress_runner.js:114812:14)]]></failure>
    </testcase>
    <testcase name="测试about页面的按钮 标题是否不包含 page " time="0.035" classname="标题是否不包含 page ">
    </testcase>
    <testcase name="测试about页面的按钮 截图" time="0" classname="截图">
      <failure message="Timed out retrying: Expected to find element: &apos;h1&apos;, but never found it." type="CypressError"><![CDATA[CypressError: Timed out retrying: Expected to find element: 'h1', but never found it.
    at Object.cypressErr (http://localhost:8853/__cypress/runner/cypress_runner.js:86207:11)
    at Object.throwErr (http://localhost:8853/__cypress/runner/cypress_runner.js:86162:18)
    at Object.throwErrByPath (http://localhost:8853/__cypress/runner/cypress_runner.js:86194:17)
    at retry (http://localhost:8853/__cypress/runner/cypress_runner.js:76849:16)
    at onFailFn (http://localhost:8853/__cypress/runner/cypress_runner.js:65634:16)
    at tryCatcher (http://localhost:8853/__cypress/runner/cypress_runner.js:120203:23)
    at Promise._settlePromiseFromHandler (http://localhost:8853/__cypress/runner/cypress_runner.js:118139:31)
    at Promise._settlePromise (http://localhost:8853/__cypress/runner/cypress_runner.js:118196:18)
    at Promise._settlePromise0 (http://localhost:8853/__cypress/runner/cypress_runner.js:118241:10)
    at Promise._settlePromises (http://localhost:8853/__cypress/runner/cypress_runner.js:118316:18)
    at Async../node_modules/bluebird/js/release/async.js.Async._drainQueue (http://localhost:8853/__cypress/runner/cypress_runner.js:114928:16)
    at Async../node_modules/bluebird/js/release/async.js.Async._drainQueues (http://localhost:8853/__cypress/runner/cypress_runner.js:114938:10)
    at Async.drainQueues (http://localhost:8853/__cypress/runner/cypress_runner.js:114812:14)]]></failure>
    </testcase>
  </testsuite>
</testsuites>